<?xml version="1.0" encoding="UTF-8"?>
<!-- Generated by org.testng.reporters.JUnitReportReporter -->
<testsuite skipped="0" hostname="WACDTL02AB461W-" name="com.guru.qa.Testcases.LoginGuruTest" tests="5" failures="0" timestamp="13 Jul 2018 08:57:13 GMT" time="52.821" errors="0">
  <testcase name="loginTitleTest" time="5.931" classname="com.guru.qa.Testcases.LoginGuruTest"/>
  <testcase name="loginTest" time="12.389" classname="com.guru.qa.Testcases.LoginGuruTest"/>
  <testcase name="loginTest" time="11.551" classname="com.guru.qa.Testcases.LoginGuruTest"/>
  <testcase name="loginTest" time="11.558" classname="com.guru.qa.Testcases.LoginGuruTest"/>
  <testcase name="loginTest" time="11.392" classname="com.guru.qa.Testcases.LoginGuruTest"/>
</testsuite> <!-- com.guru.qa.Testcases.LoginGuruTest -->
