<?xml version="1.0" encoding="UTF-8"?>
<!-- Generated by org.testng.reporters.JUnitReportReporter -->
<testsuite skipped="0" hostname="WACDTL02AB461W-" name="com.guru.qa.Testcases.LoginGuruTest" tests="2" failures="0" timestamp="11 Jul 2018 23:05:41 GMT" time="18.447" errors="0">
  <testcase name="loginTitleTest" time="5.597" classname="com.guru.qa.Testcases.LoginGuruTest"/>
  <testcase name="loginTest" time="12.850" classname="com.guru.qa.Testcases.LoginGuruTest"/>
</testsuite> <!-- com.guru.qa.Testcases.LoginGuruTest -->
