<?xml version="1.0" encoding="UTF-8"?>
<!-- Generated by org.testng.reporters.JUnitReportReporter -->
<testsuite hostname="WACDTL02AB461W-" name="com.guru.qa.Testcases.SampleTest" tests="1" failures="0" timestamp="11 Jul 2018 22:17:46 GMT" time="0.000" errors="0">
  <testcase name="test1" time="0.000" classname="com.guru.qa.Testcases.SampleTest"/>
</testsuite> <!-- com.guru.qa.Testcases.SampleTest -->
